TN:
SF:src\API_KEY.js
FNF:0
FNH:0
DA:1,1
DA:2,1
DA:3,1
LF:3
LH:3
BRF:0
BRH:0
end_of_record
TN:
SF:src\components\About.tsx
FN:3,About
FNF:1
FNH:1
FNDA:1,About
DA:1,1
DA:2,1
DA:3,1
DA:4,1
DA:5,1
DA:6,1
DA:7,1
DA:8,1
DA:9,1
DA:10,1
DA:11,1
DA:12,1
DA:13,1
DA:14,1
DA:15,1
DA:16,1
DA:17,1
LF:17
LH:17
BRDA:3,0,0,1
BRF:1
BRH:1
end_of_record
TN:
SF:src\components\Articles.tsx
FN:9,Articles
FN:32,onClick
FN:40,onClick
FNF:3
FNH:3
FNDA:10,Articles
FNDA:1,onClick
FNDA:1,onClick
DA:1,1
DA:2,1
DA:3,1
DA:4,1
DA:5,1
DA:6,1
DA:7,1
DA:8,1
DA:9,1
DA:10,10
DA:11,10
DA:12,10
DA:13,10
DA:14,10
DA:15,10
DA:16,10
DA:17,10
DA:18,10
DA:19,10
DA:20,10
DA:21,10
DA:22,10
DA:23,2
DA:24,2
DA:25,2
DA:26,10
DA:27,10
DA:28,10
DA:29,10
DA:30,10
DA:31,10
DA:32,10
DA:33,10
DA:34,10
DA:35,10
DA:36,10
DA:37,10
DA:38,10
DA:39,10
DA:40,10
DA:41,10
DA:42,10
DA:43,10
DA:44,10
DA:45,10
DA:46,10
DA:47,10
DA:48,10
DA:49,10
DA:50,10
DA:51,10
DA:52,1
DA:53,1
LF:53
LH:53
BRDA:9,0,0,10
BRDA:26,1,0,1
BRDA:26,2,0,8
BRDA:31,3,0,1
BRDA:39,4,0,9
BRDA:12,5,0,19
BRDA:14,6,0,19
BRDA:16,7,0,19
BRDA:22,8,0,2
BRDA:32,9,0,1
BRDA:40,10,0,1
BRF:11
BRH:11
end_of_record
TN:
SF:src\components\Card.tsx
FN:6,Card
FNF:1
FNH:1
FNDA:4,Card
DA:1,1
DA:2,1
DA:3,1
DA:4,1
DA:5,1
DA:6,1
DA:7,4
DA:8,4
DA:9,4
DA:10,4
DA:11,4
DA:12,4
DA:13,4
DA:14,4
DA:15,4
DA:16,4
DA:17,4
DA:18,4
DA:19,4
DA:20,1
DA:21,1
LF:21
LH:21
BRDA:6,0,0,4
BRF:1
BRH:1
end_of_record
TN:
SF:src\components\Header.tsx
FN:4,Header
FNF:1
FNH:1
FNDA:1,Header
DA:1,1
DA:2,1
DA:3,1
DA:4,1
DA:5,1
DA:6,1
DA:7,1
DA:8,1
DA:9,1
DA:10,1
DA:11,1
DA:12,1
DA:13,1
DA:14,1
DA:15,1
DA:16,1
DA:17,1
DA:18,1
DA:19,1
DA:20,1
DA:21,1
DA:22,1
DA:23,1
LF:23
LH:23
BRDA:4,0,0,1
BRF:1
BRH:1
end_of_record
TN:
SF:src\components\Main.tsx
FN:10,Main
FN:21,_callee
FN:21,_callee$
FN:21,handleSubmit
FN:50,onChange
FN:56,onClick
FN:68,onChange
FN:85,onChange
FNF:8
FNH:5
FNDA:5,Main
FNDA:1,_callee
FNDA:4,_callee$
FNDA:1,handleSubmit
FNDA:0,onChange
FNDA:1,onClick
FNDA:0,onChange
FNDA:0,onChange
DA:1,1
DA:2,1
DA:3,1
DA:4,1
DA:5,1
DA:6,1
DA:7,1
DA:8,1
DA:9,1
DA:10,1
DA:11,5
DA:12,5
DA:13,5
DA:14,5
DA:15,5
DA:16,5
DA:17,5
DA:18,5
DA:19,5
DA:20,5
DA:21,5
DA:22,1
DA:23,1
DA:24,1
DA:25,1
DA:26,1
DA:27,1
DA:28,1
DA:29,1
DA:30,5
DA:31,5
DA:32,5
DA:33,5
DA:34,5
DA:35,5
DA:36,5
DA:37,3
DA:38,5
DA:39,5
DA:40,5
DA:41,5
DA:42,5
DA:43,5
DA:44,5
DA:45,5
DA:46,5
DA:47,5
DA:48,5
DA:49,5
DA:50,5
DA:51,5
DA:52,5
DA:53,5
DA:54,5
DA:55,5
DA:56,5
DA:57,5
DA:58,5
DA:59,5
DA:60,5
DA:61,5
DA:62,5
DA:63,5
DA:64,5
DA:65,5
DA:66,5
DA:67,5
DA:68,5
DA:69,0
DA:70,0
DA:71,0
DA:72,5
DA:73,5
DA:74,5
DA:75,5
DA:76,5
DA:77,5
DA:78,5
DA:79,5
DA:80,5
DA:81,5
DA:82,5
DA:83,5
DA:84,5
DA:85,5
DA:86,0
DA:87,0
DA:88,0
DA:89,5
DA:90,5
DA:91,5
DA:92,5
DA:93,5
DA:94,5
DA:95,5
DA:96,5
DA:97,5
DA:98,5
DA:99,5
DA:100,5
DA:101,1
DA:102,1
LF:102
LH:96
BRDA:10,0,0,5
BRDA:96,1,0,0
BRDA:11,2,0,10
BRDA:12,3,0,10
BRDA:21,4,0,4
BRDA:21,5,0,1
BRDA:21,6,0,4
BRDA:21,7,0,1
BRDA:21,8,0,1
BRDA:21,9,0,1
BRDA:21,10,0,1
BRDA:21,11,0,1
BRDA:21,12,0,1
BRDA:21,13,0,1
BRDA:36,14,0,3
BRDA:37,15,0,0
BRDA:56,16,0,1
BRF:17
BRH:15
end_of_record
TN:
SF:src\components\NotFoundPage.tsx
FN:3,NotFoundPage
FNF:1
FNH:1
FNDA:1,NotFoundPage
DA:1,1
DA:2,1
DA:3,1
DA:4,1
DA:5,1
DA:6,1
DA:7,1
LF:7
LH:7
BRDA:3,0,0,1
BRF:1
BRH:1
end_of_record
TN:
SF:src\redux\actions.ts
FN:5,addArticles
FN:10,goPage
FN:15,isLoading
FNF:3
FNH:3
FNDA:1,addArticles
FNDA:3,goPage
FNDA:2,isLoading
DA:1,1
DA:2,1
DA:3,1
DA:4,1
DA:5,1
DA:6,1
DA:7,1
DA:8,1
DA:9,1
DA:10,1
DA:11,1
DA:12,1
DA:13,1
DA:14,1
DA:15,1
DA:16,1
DA:17,1
DA:18,1
LF:18
LH:18
BRDA:5,0,0,1
BRDA:10,1,0,3
BRDA:15,2,0,2
BRF:3
BRH:3
end_of_record
TN:
SF:src\redux\reducer\addArticles.ts
FN:7,addArticles
FNF:1
FNH:1
FNDA:13,addArticles
DA:1,1
DA:2,1
DA:3,1
DA:4,1
DA:5,1
DA:6,1
DA:7,1
DA:8,13
DA:9,13
DA:10,13
DA:11,13
DA:12,13
DA:13,13
DA:14,13
LF:14
LH:14
BRDA:7,0,0,13
BRDA:7,1,0,6
BRDA:7,2,0,7
BRDA:7,3,0,0
BRDA:9,4,0,1
BRDA:11,5,0,12
BRF:6
BRH:5
end_of_record
TN:
SF:src\redux\reducer\goPage.ts
FN:7,goPage
FNF:1
FNH:1
FNDA:13,goPage
DA:1,1
DA:2,1
DA:3,1
DA:4,1
DA:5,1
DA:6,1
DA:7,1
DA:8,13
DA:9,13
DA:10,13
DA:11,13
DA:12,13
DA:13,13
DA:14,13
LF:14
LH:14
BRDA:7,0,0,13
BRDA:7,1,0,6
BRDA:7,2,0,7
BRDA:7,3,0,0
BRDA:9,4,0,3
BRDA:11,5,0,10
BRF:6
BRH:5
end_of_record
TN:
SF:src\redux\reducer\isLoading.ts
FN:7,isLoading
FNF:1
FNH:1
FNDA:13,isLoading
DA:1,1
DA:2,1
DA:3,1
DA:4,1
DA:5,1
DA:6,1
DA:7,1
DA:8,13
DA:9,13
DA:10,13
DA:11,13
DA:12,13
DA:13,13
DA:14,13
LF:14
LH:14
BRDA:7,0,0,13
BRDA:7,1,0,6
BRDA:7,2,0,7
BRDA:7,3,0,0
BRDA:9,4,0,2
BRDA:11,5,0,11
BRF:6
BRH:5
end_of_record
TN:
SF:src\redux\reducer\rootRreducer.ts
FNF:0
FNH:0
DA:1,1
DA:2,1
DA:3,1
DA:4,1
DA:5,1
DA:6,1
DA:7,1
DA:8,1
DA:9,1
DA:10,1
DA:11,1
DA:12,1
LF:12
LH:12
BRF:0
BRH:0
end_of_record
