TN:
SF:src\API_KEY.js
FNF:0
FNH:0
DA:1,1
DA:2,1
DA:3,1
LF:3
LH:3
BRF:0
BRH:0
end_of_record
TN:
SF:src\components\About.tsx
FN:3,About
FNF:1
FNH:1
FNDA:1,About
DA:1,1
DA:2,1
DA:3,1
DA:4,1
DA:5,1
DA:6,1
DA:7,1
DA:8,1
DA:9,1
DA:10,1
DA:11,1
DA:12,1
DA:13,1
DA:14,1
DA:15,1
DA:16,1
DA:17,1
LF:17
LH:17
BRDA:3,0,0,1
BRF:1
BRH:1
end_of_record
TN:
SF:src\components\Articles.tsx
FN:9,Articles
FN:32,onClick
FN:40,onClick
FNF:3
FNH:3
FNDA:10,Articles
FNDA:1,onClick
FNDA:1,onClick
DA:1,1
DA:2,1
DA:3,1
DA:4,1
DA:5,1
DA:6,1
DA:7,1
DA:8,1
DA:9,1
DA:10,10
DA:11,10
DA:12,10
DA:13,10
DA:14,10
DA:15,10
DA:16,10
DA:17,10
DA:18,10
DA:19,10
DA:20,10
DA:21,10
DA:22,10
DA:23,0
DA:24,0
DA:25,0
DA:26,10
DA:27,10
DA:28,10
DA:29,10
DA:30,10
DA:31,10
DA:32,10
DA:33,10
DA:34,10
DA:35,10
DA:36,10
DA:37,10
DA:38,10
DA:39,10
DA:40,10
DA:41,10
DA:42,10
DA:43,10
DA:44,10
DA:45,10
DA:46,10
DA:47,10
DA:48,10
DA:49,10
DA:50,10
DA:51,10
DA:52,1
DA:53,1
LF:53
LH:50
BRDA:9,0,0,10
BRDA:26,1,0,0
BRDA:31,2,0,1
BRDA:12,3,0,20
BRDA:14,4,0,20
BRDA:16,5,0,20
BRDA:32,6,0,1
BRDA:40,7,0,1
BRF:8
BRH:7
end_of_record
TN:
SF:src\components\Card.tsx
FN:6,Card
FNF:1
FNH:1
FNDA:1,Card
DA:1,1
DA:2,1
DA:3,1
DA:4,1
DA:5,1
DA:6,1
DA:7,1
DA:8,1
DA:9,1
DA:10,1
DA:11,1
DA:12,1
DA:13,1
DA:14,1
DA:15,1
DA:16,1
DA:17,1
DA:18,1
DA:19,1
DA:20,1
DA:21,1
LF:21
LH:21
BRDA:6,0,0,1
BRF:1
BRH:1
end_of_record
TN:
SF:src\components\DetailArticle.tsx
FN:5,DetailArticle
FNF:1
FNH:1
FNDA:1,DetailArticle
DA:1,1
DA:2,1
DA:3,1
DA:4,1
DA:5,1
DA:6,1
DA:7,1
DA:8,1
DA:9,1
DA:10,1
DA:11,1
DA:12,1
DA:13,1
DA:14,1
DA:15,1
DA:16,1
DA:17,1
DA:18,1
DA:19,1
DA:20,1
DA:21,1
DA:22,1
DA:23,1
DA:24,1
DA:25,1
DA:26,1
DA:27,1
DA:28,1
DA:29,1
DA:30,1
LF:30
LH:30
BRDA:5,0,0,1
BRF:1
BRH:1
end_of_record
TN:
SF:src\components\Header.tsx
FN:4,Header
FNF:1
FNH:1
FNDA:1,Header
DA:1,1
DA:2,1
DA:3,1
DA:4,1
DA:5,1
DA:6,1
DA:7,1
DA:8,1
DA:9,1
DA:10,1
DA:11,1
DA:12,1
DA:13,1
DA:14,1
DA:15,1
DA:16,1
DA:17,1
DA:18,1
DA:19,1
DA:20,1
DA:21,1
DA:22,1
DA:23,1
LF:23
LH:23
BRDA:4,0,0,1
BRF:1
BRH:1
end_of_record
TN:
SF:src\components\Main.tsx
FN:10,Main
FN:21,_callee
FN:21,_callee$
FN:21,handleSubmit
FN:50,onChange
FN:56,onClick
FN:68,onChange
FN:85,onChange
FNF:8
FNH:5
FNDA:7,Main
FNDA:1,_callee
FNDA:4,_callee$
FNDA:1,handleSubmit
FNDA:0,onChange
FNDA:1,onClick
FNDA:0,onChange
FNDA:0,onChange
DA:1,1
DA:2,1
DA:3,1
DA:4,1
DA:5,1
DA:6,1
DA:7,1
DA:8,1
DA:9,1
DA:10,1
DA:11,7
DA:12,7
DA:13,7
DA:14,7
DA:15,7
DA:16,7
DA:17,7
DA:18,7
DA:19,7
DA:20,7
DA:21,7
DA:22,1
DA:23,1
DA:24,1
DA:25,1
DA:26,1
DA:27,1
DA:28,1
DA:29,1
DA:30,7
DA:31,7
DA:32,7
DA:33,7
DA:34,7
DA:35,7
DA:36,7
DA:37,3
DA:38,7
DA:39,7
DA:40,7
DA:41,7
DA:42,7
DA:43,7
DA:44,7
DA:45,7
DA:46,7
DA:47,7
DA:48,7
DA:49,7
DA:50,7
DA:51,7
DA:52,7
DA:53,7
DA:54,7
DA:55,7
DA:56,7
DA:57,7
DA:58,7
DA:59,7
DA:60,7
DA:61,7
DA:62,7
DA:63,7
DA:64,7
DA:65,7
DA:66,7
DA:67,7
DA:68,7
DA:69,0
DA:70,0
DA:71,0
DA:72,7
DA:73,7
DA:74,7
DA:75,7
DA:76,7
DA:77,7
DA:78,7
DA:79,7
DA:80,7
DA:81,7
DA:82,7
DA:83,7
DA:84,7
DA:85,7
DA:86,0
DA:87,0
DA:88,0
DA:89,7
DA:90,7
DA:91,7
DA:92,7
DA:93,7
DA:94,7
DA:95,7
DA:96,7
DA:97,7
DA:98,7
DA:99,7
DA:100,7
DA:101,1
DA:102,1
LF:102
LH:96
BRDA:10,0,0,7
BRDA:96,1,0,2
BRDA:11,2,0,12
BRDA:12,3,0,12
BRDA:21,4,0,6
BRDA:21,5,0,1
BRDA:21,6,0,4
BRDA:21,7,0,1
BRDA:21,8,0,1
BRDA:21,9,0,1
BRDA:21,10,0,1
BRDA:21,11,0,1
BRDA:21,12,0,1
BRDA:21,13,0,1
BRDA:36,14,0,3
BRDA:37,15,0,0
BRDA:56,16,0,1
BRF:17
BRH:16
end_of_record
TN:
SF:src\components\NotFoundPage.tsx
FN:3,NotFoundPage
FNF:1
FNH:1
FNDA:1,NotFoundPage
DA:1,1
DA:2,1
DA:3,1
DA:4,1
DA:5,1
DA:6,1
DA:7,1
LF:7
LH:7
BRDA:3,0,0,1
BRF:1
BRH:1
end_of_record
TN:
SF:src\redux\actions.ts
FN:5,addArticles
FN:10,goPage
FN:15,isLoading
FNF:3
FNH:2
FNDA:0,addArticles
FNDA:3,goPage
FNDA:2,isLoading
DA:1,1
DA:2,1
DA:3,1
DA:4,1
DA:5,1
DA:6,1
DA:7,1
DA:8,1
DA:9,1
DA:10,1
DA:11,1
DA:12,1
DA:13,1
DA:14,1
DA:15,1
DA:16,1
DA:17,1
DA:18,1
LF:18
LH:18
BRDA:10,0,0,3
BRDA:15,1,0,2
BRF:2
BRH:2
end_of_record
TN:
SF:src\redux\reducer\addArticles.ts
FN:7,addArticles
FNF:1
FNH:1
FNDA:12,addArticles
DA:1,1
DA:2,1
DA:3,1
DA:4,1
DA:5,1
DA:6,1
DA:7,1
DA:8,12
DA:9,12
DA:10,12
DA:11,12
DA:12,12
DA:13,12
DA:14,12
LF:14
LH:14
BRDA:7,0,0,12
BRDA:7,1,0,5
BRDA:7,2,0,7
BRDA:7,3,0,0
BRDA:9,4,0,0
BRF:5
BRH:3
end_of_record
TN:
SF:src\redux\reducer\goPage.ts
FN:7,goPage
FNF:1
FNH:1
FNDA:12,goPage
DA:1,1
DA:2,1
DA:3,1
DA:4,1
DA:5,1
DA:6,1
DA:7,1
DA:8,12
DA:9,12
DA:10,12
DA:11,12
DA:12,12
DA:13,12
DA:14,12
LF:14
LH:14
BRDA:7,0,0,12
BRDA:7,1,0,5
BRDA:7,2,0,7
BRDA:7,3,0,0
BRDA:9,4,0,3
BRDA:11,5,0,9
BRF:6
BRH:5
end_of_record
TN:
SF:src\redux\reducer\isLoading.ts
FN:7,isLoading
FNF:1
FNH:1
FNDA:12,isLoading
DA:1,1
DA:2,1
DA:3,1
DA:4,1
DA:5,1
DA:6,1
DA:7,1
DA:8,12
DA:9,12
DA:10,12
DA:11,12
DA:12,12
DA:13,12
DA:14,12
LF:14
LH:14
BRDA:7,0,0,12
BRDA:7,1,0,5
BRDA:7,2,0,7
BRDA:7,3,0,0
BRDA:9,4,0,2
BRDA:11,5,0,10
BRF:6
BRH:5
end_of_record
TN:
SF:src\redux\reducer\rootRreducer.ts
FNF:0
FNH:0
DA:1,1
DA:2,1
DA:3,1
DA:4,1
DA:5,1
DA:6,1
DA:7,1
DA:8,1
DA:9,1
DA:10,1
DA:11,1
DA:12,1
LF:12
LH:12
BRF:0
BRH:0
end_of_record
